[21:08:07] [main/INFO] (FabricLoader/GameProvider) Loading Minecraft 1.18 with Fabric Loader 0.12.10
[21:08:07] [main/INFO] (FabricLoader) Loading 61 mods:
	- apoli 2.2.0
	- aspects ${version}
	- calio 1.4.2
	- cardinal-components-base 4.0.0-alpha.1+21w37a
	- cardinal-components-entity 4.0.0-alpha.1+21w37a
	- cloth-basic-math 0.6.0
	- cloth-config 6.0.42
	- fabric 0.44.0+1.18
	- fabric-api-base 0.4.1+b4f4f6cdc8
	- fabric-api-lookup-api-v1 1.4.0+16d92c47c8
	- fabric-biome-api-v1 6.0.1+ded849a9c8
	- fabric-blockrenderlayer-v1 1.1.9+3ac43d95c8
	- fabric-command-api-v1 1.1.6+3ac43d95c8
	- fabric-commands-v0 0.2.5+b4f4f6cdc8
	- fabric-containers-v0 0.1.18+d154e2c6c8
	- fabric-content-registries-v0 0.4.5+6f53a73dc8
	- fabric-crash-report-info-v1 0.1.8+3ac43d95c8
	- fabric-data-generation-api-v1 1.0.0+3fec4ad9c8
	- fabric-dimensions-v1 2.1.7+43d29571c8
	- fabric-entity-events-v1 1.4.5+6b21378ac8
	- fabric-events-interaction-v0 0.4.16+bfa23f17c8
	- fabric-events-lifecycle-v0 0.2.6+b4f4f6cdc8
	- fabric-game-rule-api-v1 1.0.10+3ac43d95c8
	- fabric-gametest-api-v1 1.0.5+03d159cfc8
	- fabric-item-api-v1 1.3.0+691a79b5c8
	- fabric-item-groups-v0 0.3.3+3ac43d95c8
	- fabric-key-binding-api-v1 1.0.8+c8aba2f3c8
	- fabric-keybindings-v0 0.2.6+b4f4f6cdc8
	- fabric-lifecycle-events-v1 1.4.10+c15ca335c8
	- fabric-loot-tables-v1 1.0.8+3ac43d95c8
	- fabric-mining-level-api-v1 1.0.3+3ac43d95c8
	- fabric-mining-levels-v0 0.1.7+b4f4f6cdc8
	- fabric-models-v0 0.3.3+3ac43d95c8
	- fabric-networking-api-v1 1.0.18+3ac43d95c8
	- fabric-networking-v0 0.3.5+b4f4f6cdc8
	- fabric-object-builder-api-v1 1.11.0+3b82842ec8
	- fabric-object-builders-v0 0.7.8+3ac43d95c8
	- fabric-particles-v1 0.2.9+526dc1acc8
	- fabric-registry-sync-v0 0.8.5+3ac43d95c8
	- fabric-renderer-api-v1 0.4.9+3ac43d95c8
	- fabric-renderer-indigo 0.4.12+3ac43d95c8
	- fabric-renderer-registries-v1 3.2.7+b4f4f6cdc8
	- fabric-rendering-data-attachment-v1 0.3.4+7242e9d7c8
	- fabric-rendering-fluids-v1 0.1.18+3ac43d95c8
	- fabric-rendering-v0 1.1.9+b4f4f6cdc8
	- fabric-rendering-v1 1.10.3+6b21378ac8
	- fabric-resource-loader-v0 0.4.11+3ac43d95c8
	- fabric-screen-api-v1 1.0.7+3ac43d95c8
	- fabric-screen-handler-api-v1 1.1.11+3ac43d95c8
	- fabric-structure-api-v1 2.0.8+295197a7c8
	- fabric-tag-extensions-v0 1.2.5+3ac43d95c8
	- fabric-textures-v0 1.0.9+3ac43d95c8
	- fabric-tool-attribute-api-v1 1.3.4+7de09f55c8
	- fabric-transfer-api-v1 1.5.5+b4f4f6cdc8
	- fabricloader 0.12.10
	- java 17
	- minecraft 1.18
	- modmenu 3.0.0
	- origins 1.3.0
	- playerabilitylib 1.3.0
	- reach-entity-attributes 2.1.1
[21:08:07] [main/WARN] (FabricLoader/Metadata) Mod `aspects` (${version}) does not respect SemVer - comparison support is limited.
[21:08:07] [main/INFO] (FabricLoader/Mixin) SpongePowered MIXIN Subsystem Version=0.8.4 Source=file:/Users/adellanicholson/.gradle/caches/modules-2/files-2.1/net.fabricmc/sponge-mixin/0.10.7+mixin.0.8.4/7a4ca9d54d9ae564dea0363d668036a8420ed9b8/sponge-mixin-0.10.7+mixin.0.8.4.jar Service=Knot/Fabric Env=CLIENT
[21:08:07] [main/INFO] (FabricLoader/Mixin) Loaded Fabric development mappings for mixin remapper!
[21:08:07] [main/INFO] (FabricLoader/Mixin) Compatibility level set to JAVA_16
[21:08:12] [main/WARN] (FabricLoader/Mixin) @Inject(@At("INVOKE")) Shift.BY=3 on fabric-lifecycle-events-v1.mixins.json:client.WorldChunkMixin::handler$zfn000$onLoadBlockEntity exceeds the maximum allowed value: 0. Increase the value of maxShiftBy to suppress this warning.
[21:08:15] [Render thread/INFO] (Minecraft) Environment: authHost='https://authserver.mojang.com', accountsHost='https://api.mojang.com', sessionHost='https://sessionserver.mojang.com', servicesHost='https://api.minecraftservices.com', name='PROD'
[21:08:15] [Render thread/ERROR] (Minecraft) Failed to verify authentication
com.mojang.authlib.exceptions.InvalidCredentialsException: Status: 401
	at com.mojang.authlib.exceptions.MinecraftClientHttpException.toAuthenticationException(MinecraftClientHttpException.java:56) ~[authlib-3.2.38.jar:?]
	at com.mojang.authlib.yggdrasil.YggdrasilUserApiService.fetchProperties(YggdrasilUserApiService.java:132) ~[authlib-3.2.38.jar:?]
	at com.mojang.authlib.yggdrasil.YggdrasilUserApiService.<init>(YggdrasilUserApiService.java:44) ~[authlib-3.2.38.jar:?]
	at com.mojang.authlib.yggdrasil.YggdrasilAuthenticationService.createUserApiService(YggdrasilAuthenticationService.java:153) ~[authlib-3.2.38.jar:?]
	at net.minecraft.client.MinecraftClient.createUserApiService(MinecraftClient.java:670) [minecraft-project-@-mapped.jar:?]
	at net.minecraft.client.MinecraftClient.<init>(MinecraftClient.java:424) [minecraft-project-@-mapped.jar:?]
	at net.minecraft.client.main.Main.main(Main.java:197) [minecraft-project-@-mapped.jar:?]
	at jdk.internal.reflect.NativeMethodAccessorImpl.invoke0(Native Method) ~[?:?]
	at jdk.internal.reflect.NativeMethodAccessorImpl.invoke(NativeMethodAccessorImpl.java:77) ~[?:?]
	at jdk.internal.reflect.DelegatingMethodAccessorImpl.invoke(DelegatingMethodAccessorImpl.java:43) ~[?:?]
	at java.lang.reflect.Method.invoke(Method.java:568) ~[?:?]
	at net.fabricmc.loader.impl.game.minecraft.MinecraftGameProvider.launch(MinecraftGameProvider.java:602) [fabric-loader-0.12.10.jar:?]
	at net.fabricmc.loader.impl.launch.knot.Knot.launch(Knot.java:77) [fabric-loader-0.12.10.jar:?]
	at net.fabricmc.loader.impl.launch.knot.KnotClient.main(KnotClient.java:23) [fabric-loader-0.12.10.jar:?]
	at net.fabricmc.devlaunchinjector.Main.main(Main.java:86) [dev-launch-injector-0.2.1+build.8.jar:?]
Caused by: com.mojang.authlib.exceptions.MinecraftClientHttpException: Status: 401
	at com.mojang.authlib.minecraft.client.MinecraftClient.readInputStream(MinecraftClient.java:78) ~[authlib-3.2.38.jar:?]
	at com.mojang.authlib.minecraft.client.MinecraftClient.get(MinecraftClient.java:48) ~[authlib-3.2.38.jar:?]
	at com.mojang.authlib.yggdrasil.YggdrasilUserApiService.fetchProperties(YggdrasilUserApiService.java:113) ~[authlib-3.2.38.jar:?]
	... 13 more
[21:08:15] [Render thread/INFO] (Minecraft) Setting user: Player97
[21:08:16] [Render thread/INFO] (Apoli) Apoli 2.2.0 has initialized. Ready to power up your game!
[21:08:16] [Render thread/INFO] (aspects) Hello from Aspects :D
[21:08:16] [Render thread/INFO] (Origins) Origins 1.3.0 is initializing. Have fun!
[21:08:16] [Render thread/INFO] (Indigo) [Indigo] Registering Indigo renderer!
[21:08:17] [Render thread/INFO] (Minecraft) Backend library: LWJGL version 3.2.1 build 12
[21:08:18] [Render thread/INFO] (Minecraft) Reloading ResourceManager: Default, Fabric Mods (Mod Menu, Fabric Networking (v0), Fabric Data Generation API (v1), Fabric Item Groups (v0), Fabric Rendering Fluids (v1), Fabric Screen API (v1), Fabric Models (v0), Fabric Content Registries (v0), Fabric Tool Attribute API (v1), Cloth Config v6, Fabric Renderer Registries (v1), Fabric Loot Tables (v1), Fabric API Base, Fabric Item API (v1), Fabric Events Lifecycle (v0), Fabric Renderer API (v1), Fabric BlockRenderLayer Registration (v1), Fabric Networking API (v1), Fabric Dimensions API (v1), Apoli, Fabric Renderer - Indigo, Fabric Lifecycle Events (v1), Fabric Object Builder API (v1), Fabric Structure API (v1), Fabric Resource Loader (v0), Pal, Fabric Rendering (v1), Fabric API Lookup API (v1), Fabric Command API (v1), Fabric Screen Handler API (v1), Fabric Entity Events (v1), Fabric Biome API (v1), Fabric Game Test API (v1), Fabric Key Binding API (v1), Fabric Particles (v1), Fabric Key Bindings (v0), Fabric Mining Levels (v0), Fabric Rendering Data Attachment (v1), Calio, Aspects, Fabric Textures (v0), Fabric Events Interaction (v0), Fabric Loader, Fabric Containers (v0), Fabric Crash Report Info (v1), Fabric API, Fabric Tag Extensions (v0), Fabric Transfer API (v1), Fabric Game Rule API (v1), Fabric Mining Level API (v1), Reach Entity Attributes, Fabric Object Builders (v0), Fabric Registry Sync (v0), Fabric Commands (v0), Origins, Fabric Rendering (v0))
[21:08:18] [Render thread/INFO] (aspects) Hello from Aspects! :D
[21:08:18] [Realms Notification Availability checker #1/INFO] (Minecraft) Could not authorize you against Realms server: Invalid session id
[21:08:22] [Render thread/INFO] (Minecraft) OpenAL initialized on device CoreAudio Default
[21:08:22] [Render thread/INFO] (Minecraft) Sound engine started
[21:08:22] [Render thread/INFO] (Minecraft) Created: 1024x1024x4 minecraft:textures/atlas/blocks.png-atlas
[21:08:22] [Render thread/INFO] (Minecraft) Created: 256x128x4 minecraft:textures/atlas/signs.png-atlas
[21:08:22] [Render thread/INFO] (Minecraft) Created: 1024x512x4 minecraft:textures/atlas/banner_patterns.png-atlas
[21:08:22] [Render thread/INFO] (Minecraft) Created: 1024x512x4 minecraft:textures/atlas/shield_patterns.png-atlas
[21:08:22] [Render thread/INFO] (Minecraft) Created: 256x256x4 minecraft:textures/atlas/chest.png-atlas
[21:08:22] [Render thread/INFO] (Minecraft) Created: 512x256x4 minecraft:textures/atlas/beds.png-atlas
[21:08:22] [Render thread/INFO] (Minecraft) Created: 512x256x4 minecraft:textures/atlas/shulker_boxes.png-atlas
[21:08:24] [Render thread/INFO] (Minecraft) Created: 256x256x0 minecraft:textures/atlas/particles.png-atlas
[21:08:24] [Render thread/INFO] (Minecraft) Created: 256x256x0 minecraft:textures/atlas/paintings.png-atlas
[21:08:24] [Render thread/INFO] (Minecraft) Created: 256x128x0 minecraft:textures/atlas/mob_effects.png-atlas
[21:08:24] [Render thread/INFO] (aspects) Hello from Aspects! :D
[21:08:38] [Render thread/WARN] (Minecraft) Ambiguity between arguments [teleport, location] and [teleport, destination] with inputs: [0.1 -0.5 .9, 0 0 0]
[21:08:38] [Render thread/WARN] (Minecraft) Ambiguity between arguments [teleport, location] and [teleport, targets] with inputs: [0.1 -0.5 .9, 0 0 0]
[21:08:38] [Render thread/WARN] (Minecraft) Ambiguity between arguments [teleport, destination] and [teleport, targets] with inputs: [Player, 0123, @e, dd12be42-52a9-4a91-a8a1-11c01849e498]
[21:08:38] [Render thread/WARN] (Minecraft) Ambiguity between arguments [teleport, targets] and [teleport, destination] with inputs: [Player, 0123, dd12be42-52a9-4a91-a8a1-11c01849e498]
[21:08:38] [Render thread/WARN] (Minecraft) Ambiguity between arguments [teleport, targets, location] and [teleport, targets, destination] with inputs: [0.1 -0.5 .9, 0 0 0]
[21:08:38] [Render thread/INFO] (Minecraft) Reloading ResourceManager: Default, Fabric Mods (Fabric Tool Attribute API (v1), Apoli, Fabric Game Test API (v1), Aspects, Origins)
[21:08:39] [Render thread/INFO] (Minecraft) Loaded 7 recipes
[21:08:39] [Render thread/INFO] (Minecraft) Loaded 1143 advancements
[21:08:39] [Render thread/INFO] (Apoli) Finished loading powers from data files. Registry contains 175 powers.
[21:08:39] [Render thread/ERROR] (Origins) There was a problem reading Origin file aspects:altum (skipping): Error reading data field at icon.item: Identifier "minecraft:water_bottle" was not registered in registry "minecraft:item".
[21:08:39] [Render thread/ERROR] (Origins) Origin "aspects:dendro" contained unregistered power: "aspects:suspicious_substance"
[21:08:39] [Render thread/INFO] (Origins) Finished loading origins from data files. Registry contains 27 origins.
[21:08:39] [Render thread/INFO] (Origins) Trying to read layer file: aspects:elements
[21:08:39] [Render thread/INFO] (Origins) Trying to read layer file: origins:origin
[21:08:39] [Render thread/INFO] (Origins) Trying to read layer file: aspects:origins
[21:08:39] [Render thread/INFO] (Origins) Finished loading origin layers from data files. Read 3 layers.
[21:08:39] [Render thread/INFO] (BiomeModificationImpl) Applied 0 biome modifications to 0 of 61 new biomes in 1.815 ms
[21:08:40] [Render thread/INFO] (Minecraft) Environment: authHost='https://authserver.mojang.com', accountsHost='https://api.mojang.com', sessionHost='https://sessionserver.mojang.com', servicesHost='https://api.minecraftservices.com', name='PROD'
[21:08:40] [Server thread/INFO] (Minecraft) Starting integrated minecraft server version 1.18
[21:08:40] [Server thread/INFO] (Minecraft) Generating keypair
[21:08:40] [Server thread/INFO] (Minecraft) Preparing start region for dimension minecraft:overworld
[21:08:41] [Render thread/INFO] (Minecraft) Preparing spawn area: 0%
[21:08:41] [Render thread/INFO] (Minecraft) Preparing spawn area: 0%
[21:08:41] [Render thread/INFO] (Minecraft) Preparing spawn area: 0%
[21:08:42] [Render thread/INFO] (Minecraft) Preparing spawn area: 0%
[21:08:46] [Render thread/INFO] (Minecraft) Preparing spawn area: 0%
[21:08:46] [Render thread/INFO] (Minecraft) Preparing spawn area: 0%
[21:08:46] [Render thread/INFO] (Minecraft) Preparing spawn area: 0%
[21:08:46] [Render thread/INFO] (Minecraft) Preparing spawn area: 0%
[21:08:46] [Render thread/INFO] (Minecraft) Preparing spawn area: 0%
[21:08:46] [Render thread/INFO] (Minecraft) Preparing spawn area: 0%
[21:08:46] [Render thread/INFO] (Minecraft) Preparing spawn area: 0%
[21:08:46] [Render thread/INFO] (Minecraft) Preparing spawn area: 27%
[21:08:46] [Render thread/INFO] (Minecraft) Preparing spawn area: 36%
[21:08:47] [Render thread/INFO] (Minecraft) Preparing spawn area: 68%
[21:08:47] [Render thread/INFO] (Minecraft) Preparing spawn area: 83%
[21:08:48] [Render thread/INFO] (Minecraft) Time elapsed: 7283 ms
[21:08:48] [Server thread/INFO] (Minecraft) Changing view distance to 12, from 10
[21:08:48] [Server thread/INFO] (Minecraft) Changing simulation distance to 12, from 0
[21:08:48] [Render thread/INFO] (Minecraft) Stopping!
[21:08:48] [Server thread/INFO] (Minecraft) com.mojang.authlib.GameProfile@32fd1946[id=0b0a3338-3321-32ee-8738-58aa00379d42,name=Player97,properties={},legacy=false] (local:E:649fefbf) lost connection: Disconnected
[21:08:48] [Server thread/WARN] (Minecraft) handleDisconnection() called twice
